JvmtiExport can_access_local_variables 0
JvmtiExport can_hotswap_or_post_breakpoint 0
JvmtiExport can_post_on_exceptions 0
# 195 ciObject found
ciMethod java/lang/Comparable compareTo (Ljava/lang/Object;)I 0 0 1 0 -1
ciMethod java/lang/Thread currentThread ()Ljava/lang/Thread; 3073 1 384 0 -1
ciMethod sun/misc/Unsafe compareAndSwapObject (Ljava/lang/Object;JLjava/lang/Object;Ljava/lang/Object;)Z 3073 1 384 0 -1
ciMethod sun/misc/Unsafe compareAndSwapInt (Ljava/lang/Object;JII)Z 2049 1 256 0 -1
ciMethod java/util/concurrent/locks/ReentrantLock lock ()V 593 1 11058 0 288
ciMethod java/util/concurrent/locks/ReentrantLock unlock ()V 633 1 16002 0 352
ciMethod java/util/concurrent/locks/ReentrantLock$NonfairSync lock ()V 2049 1 5376 0 256
ciMethod java/util/concurrent/locks/ReentrantLock$NonfairSync tryAcquire (I)Z 553 1 5191 0 160
ciMethod java/util/concurrent/locks/ReentrantLock$Sync lock ()V 0 0 1 0 -1
ciMethod java/util/concurrent/locks/ReentrantLock$Sync nonfairTryAcquire (I)Z 553 1 5190 0 160
ciMethod java/util/concurrent/locks/ReentrantLock$Sync tryRelease (I)Z 2089 1 5382 0 128
ciMethod java/util/concurrent/locks/ReentrantLock$Sync isHeldExclusively ()Z 2057 1 5377 0 96
ciMethod java/util/concurrent/locks/AbstractQueuedSynchronizer getState ()I 1041 1 130 0 0
ciMethod java/util/concurrent/locks/AbstractQueuedSynchronizer setState (I)V 2057 1 11671 0 -1
ciMethod java/util/concurrent/locks/AbstractQueuedSynchronizer compareAndSetState (II)Z 2049 1 25832 0 0
ciMethod java/util/concurrent/locks/AbstractQueuedSynchronizer enq (Ljava/util/concurrent/locks/AbstractQueuedSynchronizer$Node;)Ljava/util/concurrent/locks/AbstractQueuedSynchronizer$Node; 1825 105 5349 0 192
ciMethod java/util/concurrent/locks/AbstractQueuedSynchronizer addWaiter (Ljava/util/concurrent/locks/AbstractQueuedSynchronizer$Node;)Ljava/util/concurrent/locks/AbstractQueuedSynchronizer$Node; 169 1 801 0 0
ciMethod java/util/concurrent/locks/AbstractQueuedSynchronizer setHead (Ljava/util/concurrent/locks/AbstractQueuedSynchronizer$Node;)V 2065 1 5310 0 -1
ciMethod java/util/concurrent/locks/AbstractQueuedSynchronizer unparkSuccessor (Ljava/util/concurrent/locks/AbstractQueuedSynchronizer$Node;)V 97 9 5132 0 -1
ciMethod java/util/concurrent/locks/AbstractQueuedSynchronizer cancelAcquire (Ljava/util/concurrent/locks/AbstractQueuedSynchronizer$Node;)V 0 0 1 0 -1
ciMethod java/util/concurrent/locks/AbstractQueuedSynchronizer shouldParkAfterFailedAcquire (Ljava/util/concurrent/locks/AbstractQueuedSynchronizer$Node;Ljava/util/concurrent/locks/AbstractQueuedSynchronizer$Node;)Z 513 1 507 0 -1
ciMethod java/util/concurrent/locks/AbstractQueuedSynchronizer selfInterrupt ()V 0 0 1 0 -1
ciMethod java/util/concurrent/locks/AbstractQueuedSynchronizer parkAndCheckInterrupt ()Z 169 1 677 0 -1
ciMethod java/util/concurrent/locks/AbstractQueuedSynchronizer acquireQueued (Ljava/util/concurrent/locks/AbstractQueuedSynchronizer$Node;I)Z 169 201 5141 0 704
ciMethod java/util/concurrent/locks/AbstractQueuedSynchronizer tryAcquire (I)Z 0 0 1 0 -1
ciMethod java/util/concurrent/locks/AbstractQueuedSynchronizer tryRelease (I)Z 0 0 1 0 -1
ciMethod java/util/concurrent/locks/AbstractQueuedSynchronizer isHeldExclusively ()Z 0 0 1 0 -1
ciMethod java/util/concurrent/locks/AbstractQueuedSynchronizer acquire (I)V 177 1 6120 0 0
ciMethod java/util/concurrent/locks/AbstractQueuedSynchronizer release (I)Z 633 1 16368 0 128
ciMethod java/util/concurrent/locks/AbstractQueuedSynchronizer transferForSignal (Ljava/util/concurrent/locks/AbstractQueuedSynchronizer$Node;)Z 2049 1 5299 0 0
ciMethod java/util/concurrent/locks/AbstractQueuedSynchronizer compareAndSetHead (Ljava/util/concurrent/locks/AbstractQueuedSynchronizer$Node;)Z 105 1 13 0 -1
ciMethod java/util/concurrent/locks/AbstractQueuedSynchronizer compareAndSetTail (Ljava/util/concurrent/locks/AbstractQueuedSynchronizer$Node;Ljava/util/concurrent/locks/AbstractQueuedSynchronizer$Node;)Z 2057 1 6139 0 0
ciMethod java/util/concurrent/locks/AbstractQueuedSynchronizer compareAndSetWaitStatus (Ljava/util/concurrent/locks/AbstractQueuedSynchronizer$Node;II)Z 217 1 20427 0 0
ciMethod java/util/concurrent/locks/AbstractOwnableSynchronizer setExclusiveOwnerThread (Ljava/lang/Thread;)V 3233 1 27593 0 0
ciMethod java/util/concurrent/locks/AbstractOwnableSynchronizer getExclusiveOwnerThread ()Ljava/lang/Thread; 1025 1 128 0 0
ciMethod java/util/concurrent/locks/AbstractQueuedSynchronizer$Node predecessor ()Ljava/util/concurrent/locks/AbstractQueuedSynchronizer$Node; 2057 1 6006 0 -1
ciMethod java/util/concurrent/locks/AbstractQueuedSynchronizer$Node <init> ()V 113 1 14 0 -1
ciMethod java/util/concurrent/locks/AbstractQueuedSynchronizer$Node <init> (Ljava/lang/Thread;Ljava/util/concurrent/locks/AbstractQueuedSynchronizer$Node;)V 2049 1 801 0 -1
ciMethod java/util/concurrent/locks/Condition signal ()V 0 0 1 0 -1
ciMethod java/util/concurrent/locks/AbstractQueuedSynchronizer$ConditionObject doSignal (Ljava/util/concurrent/locks/AbstractQueuedSynchronizer$Node;)V 1433 1 5299 0 416
ciMethod java/util/concurrent/locks/AbstractQueuedSynchronizer$ConditionObject signal ()V 2049 1 9206 0 0
ciMethodData java/util/concurrent/locks/ReentrantLock lock ()V 2 11058 orig 264 104 147 134 94 0 0 0 0 232 31 145 20 0 0 0 0 120 1 0 0 0 0 0 0 0 0 0 0 0 0 0 0 0 0 0 0 0 0 0 0 0 0 0 0 0 0 0 0 0 0 0 0 0 0 0 0 0 0 0 0 0 0 0 0 0 0 0 0 0 0 0 0 0 0 0 0 0 0 0 0 77 68 79 32 101 120 116 114 97 32 100 97 116 97 32 108 111 99 107 0 0 0 0 0 0 0 0 0 0 0 0 0 0 0 0 0 0 0 0 0 0 0 0 0 0 0 0 0 0 0 0 0 0 0 0 0 0 0 0 0 0 0 0 0 0 0 0 0 0 0 0 0 0 0 0 0 0 0 0 0 0 0 0 0 0 0 0 0 0 0 0 0 0 0 0 0 0 0 0 0 0 0 0 0 0 0 0 0 0 0 0 0 0 0 0 0 0 0 0 0 0 0 0 0 0 0 0 0 0 0 0 0 0 0 0 0 74 0 0 0 65 87 1 0 1 0 0 0 0 0 0 0 0 0 0 0 2 0 0 0 0 0 3 0 2 0 0 0 48 0 0 0 255 255 255 255 5 0 4 0 0 0 0 0 data 6 0x40005 0x0 0x1849aba0 0x2ae7 0x0 0x0 oops 1 2 java/util/concurrent/locks/ReentrantLock$NonfairSync
ciMethodData java/util/concurrent/locks/ReentrantLock unlock ()V 2 16002 orig 264 104 147 134 94 0 0 0 0 88 34 145 20 0 0 0 0 120 1 0 0 0 0 0 0 0 0 0 0 0 0 0 0 0 0 0 0 0 0 0 0 0 0 0 0 0 0 0 0 0 0 0 0 0 0 0 0 0 0 0 0 0 0 0 0 0 0 0 0 0 0 0 0 0 0 0 0 0 0 0 0 77 68 79 32 101 120 116 114 97 32 100 97 116 97 32 108 111 99 107 0 0 0 0 0 0 0 0 0 0 0 0 0 0 0 0 0 0 0 0 0 0 0 0 0 0 0 0 0 0 0 0 0 0 0 0 0 0 0 0 0 0 0 0 0 0 0 0 0 0 0 0 0 0 0 0 0 0 0 0 0 0 0 0 0 0 0 0 0 0 0 0 0 0 0 0 0 0 0 0 0 0 0 0 0 17 0 0 0 0 0 0 0 0 0 0 0 0 0 0 0 1 0 0 0 0 0 0 0 0 0 0 0 0 0 0 0 79 0 0 0 153 241 1 0 1 0 0 0 0 0 0 0 0 0 0 0 2 0 0 0 0 0 11 0 2 0 0 0 48 0 0 0 255 255 255 255 5 0 5 0 0 0 0 0 data 6 0x50005 0xff 0x1849aba0 0x3d34 0x0 0x0 oops 1 2 java/util/concurrent/locks/ReentrantLock$NonfairSync
ciMethodData java/util/concurrent/locks/AbstractQueuedSynchronizer release (I)Z 2 16368 orig 264 104 147 134 94 0 0 0 0 96 106 158 20 0 0 0 0 240 1 0 0 0 0 0 0 0 0 0 0 0 0 0 0 0 0 0 0 0 0 0 0 0 0 0 0 0 0 0 0 0 0 0 0 0 0 0 0 0 0 0 0 0 0 0 0 0 0 0 0 0 0 0 0 0 0 0 0 0 0 0 0 77 68 79 32 101 120 116 114 97 32 100 97 116 97 32 108 111 99 107 0 0 0 0 0 0 0 0 0 0 0 0 0 0 0 0 0 0 0 0 0 0 0 0 0 0 0 0 0 0 0 0 0 0 0 0 0 0 0 0 0 0 0 0 0 0 0 0 0 0 0 0 0 0 0 0 0 0 0 0 0 0 0 0 0 0 0 0 0 0 0 0 0 0 0 0 0 0 0 0 0 0 0 0 0 0 0 0 0 0 0 0 0 0 0 0 0 0 0 0 0 0 0 0 0 0 0 0 0 0 0 0 0 0 0 0 0 79 0 0 0 9 253 1 0 1 0 0 0 0 0 0 0 0 0 0 0 2 0 0 0 0 0 10 0 2 0 0 0 160 0 0 0 255 255 255 255 5 0 2 0 0 0 0 0 data 20 0x20005 0x99 0x1849aba0 0x28a6 0x165789c0 0x265 0x50007 0x0 0x70 0x3fa7 0xe0007 0x280c 0x50 0x179d 0x150007 0x158f 0x30 0x20e 0x1a0002 0x20e oops 2 2 java/util/concurrent/locks/ReentrantLock$NonfairSync 4 java/util/concurrent/locks/ReentrantReadWriteLock$NonfairSync
ciMethod java/util/concurrent/locks/LockSupport unpark (Ljava/lang/Thread;)V 2049 1 5132 0 -1
ciMethodData java/util/concurrent/locks/AbstractOwnableSynchronizer setExclusiveOwnerThread (Ljava/lang/Thread;)V 2 27593 orig 264 104 147 134 94 0 0 0 0 56 131 158 20 0 0 0 0 40 1 0 0 0 0 0 0 0 0 0 0 0 0 0 0 0 0 0 0 0 0 0 0 0 0 0 0 0 0 0 0 0 0 0 0 0 0 0 0 0 0 0 0 0 0 0 0 0 0 0 0 0 0 0 0 0 0 0 0 0 0 0 0 77 68 79 32 101 120 116 114 97 32 100 97 116 97 32 108 111 99 107 0 0 0 0 0 0 0 0 0 0 0 0 0 0 0 0 0 0 0 0 0 0 0 0 0 0 0 0 0 0 0 0 0 0 0 0 0 0 0 0 0 0 0 0 0 0 0 0 0 0 0 0 0 0 0 0 0 0 0 0 0 0 0 0 0 0 0 0 0 0 0 0 0 0 0 0 0 0 0 0 0 0 0 0 0 1 0 0 0 0 0 0 0 0 0 0 0 0 0 0 0 1 0 0 0 0 0 0 0 0 0 0 0 0 0 0 0 148 1 0 0 169 81 3 0 1 0 0 0 0 0 0 0 0 0 0 0 2 0 0 0 0 0 3 0 1 0 0 0 0 0 0 0 255 255 255 255 0 0 0 0 0 0 0 0 data 0 oops 0
ciMethodData java/util/concurrent/locks/AbstractQueuedSynchronizer compareAndSetState (II)Z 2 25832 orig 264 104 147 134 94 0 0 0 0 240 84 158 20 0 0 0 0 136 1 0 0 0 0 0 0 0 0 0 0 0 0 0 0 0 0 0 0 0 0 0 0 0 0 0 0 0 0 0 0 0 0 0 0 0 0 0 0 0 0 0 0 0 0 0 0 0 0 0 0 0 0 0 0 0 0 0 0 0 0 0 0 77 68 79 32 101 120 116 114 97 32 100 97 116 97 32 108 111 99 107 0 0 0 0 0 0 0 0 0 0 0 0 0 0 0 0 0 0 0 0 0 0 0 0 0 0 0 0 0 0 0 0 0 0 0 0 0 0 0 0 0 0 0 0 0 0 0 0 0 0 0 0 0 0 0 0 0 0 0 0 0 0 0 0 0 0 0 0 0 0 0 0 0 0 0 0 0 0 0 0 0 0 0 0 0 0 0 0 0 0 0 0 0 0 0 0 0 0 0 0 0 0 0 0 0 0 0 0 0 0 0 0 0 0 0 0 0 0 1 0 0 65 31 3 0 1 0 0 0 0 0 0 0 0 0 0 0 2 0 0 0 0 0 3 0 1 0 0 0 48 0 0 0 255 255 255 255 5 0 9 0 0 0 0 0 data 6 0x90005 0x3 0x0 0x0 0x0 0x0 oops 0
ciMethodData java/util/concurrent/locks/ReentrantLock$Sync tryRelease (I)Z 2 5382 orig 264 104 147 134 94 0 0 0 0 176 62 158 20 0 0 0 0 112 2 0 0 192 0 0 0 0 0 0 0 0 0 0 0 0 0 0 0 0 0 0 0 0 0 0 0 0 0 0 0 0 0 0 0 0 0 0 0 0 0 0 0 0 0 0 0 0 0 0 0 0 0 0 0 0 0 0 0 0 0 0 0 77 68 79 32 101 120 116 114 97 32 100 97 116 97 32 108 111 99 107 0 0 0 0 0 0 0 0 0 0 0 0 0 0 0 0 0 0 0 0 0 0 0 0 0 0 0 0 0 0 0 0 0 0 0 0 0 0 0 0 0 0 0 0 0 0 0 0 0 0 0 0 0 0 0 0 0 0 0 0 0 0 0 0 0 0 0 0 0 0 0 0 0 0 0 0 0 0 0 0 0 0 0 0 0 25 0 0 0 0 0 0 0 0 0 0 0 0 0 0 0 1 0 0 0 0 0 0 0 0 0 0 0 0 0 0 0 5 1 0 0 9 160 0 0 1 0 0 0 0 0 0 0 0 0 0 0 2 0 0 0 0 0 8 0 2 0 0 0 32 1 0 0 255 255 255 255 5 0 1 0 0 0 0 0 data 36 0x10005 0x0 0x1849aba0 0x1401 0x0 0x0 0x70002 0x1401 0xb0005 0x0 0x1849aba0 0x1401 0x0 0x0 0xe0007 0x1401 0x30 0x0 0x150002 0x0 0x1c0007 0x0 0x50 0x1401 0x230005 0x0 0x1849aba0 0x1401 0x0 0x0 0x280005 0x0 0x1849aba0 0x1401 0x0 0x0 oops 4 2 java/util/concurrent/locks/ReentrantLock$NonfairSync 10 java/util/concurrent/locks/ReentrantLock$NonfairSync 26 java/util/concurrent/locks/ReentrantLock$NonfairSync 32 java/util/concurrent/locks/ReentrantLock$NonfairSync
ciMethodData java/util/concurrent/locks/ReentrantLock$NonfairSync lock ()V 2 5376 orig 264 104 147 134 94 0 0 0 0 72 55 158 20 0 0 0 0 32 2 0 0 144 0 0 0 0 0 0 0 0 0 0 0 0 0 0 0 0 0 0 0 0 0 0 0 0 0 0 0 0 0 0 0 0 0 0 0 0 0 0 0 0 0 0 0 0 0 0 0 0 0 0 0 0 0 0 0 0 0 0 0 77 68 79 32 101 120 116 114 97 32 100 97 116 97 32 108 111 99 107 0 0 0 0 0 0 0 0 0 0 0 0 0 0 0 0 0 0 0 0 0 0 0 0 0 0 0 0 0 0 0 0 0 0 0 0 0 0 0 0 0 0 0 0 0 0 0 0 0 0 0 0 0 0 0 0 0 0 0 0 0 0 0 0 0 0 0 0 0 0 0 0 0 0 0 0 0 0 0 0 0 0 0 0 0 0 0 0 0 0 0 0 0 0 0 0 0 0 0 0 0 0 0 0 0 0 0 0 0 0 0 0 0 0 0 0 0 0 1 0 0 1 160 0 0 1 0 0 0 0 0 0 0 0 0 0 0 2 0 0 0 0 0 11 0 2 0 0 0 216 0 0 0 255 255 255 255 5 0 3 0 0 0 0 0 data 27 0x30005 0x1 0x1849aba0 0x13ff 0x0 0x0 0x60007 0x2c 0x78 0x13d5 0xa0002 0x13d5 0xd0005 0x1 0x1849aba0 0x13d4 0x0 0x0 0x100003 0x13d5 0x48 0x150005 0x0 0x1849aba0 0x2c 0x0 0x0 oops 3 2 java/util/concurrent/locks/ReentrantLock$NonfairSync 14 java/util/concurrent/locks/ReentrantLock$NonfairSync 23 java/util/concurrent/locks/ReentrantLock$NonfairSync
ciMethodData java/util/concurrent/locks/AbstractQueuedSynchronizer acquire (I)V 2 6120 orig 264 104 147 134 94 0 0 0 0 48 104 158 20 0 0 0 0 16 2 0 0 0 0 0 0 0 0 0 0 0 0 0 0 0 0 0 0 0 0 0 0 0 0 0 0 0 0 0 0 0 0 0 0 0 0 0 0 0 0 0 0 0 0 0 0 0 0 0 0 0 0 0 0 0 0 0 0 0 0 0 0 77 68 79 32 101 120 116 114 97 32 100 97 116 97 32 108 111 99 107 0 0 0 0 0 0 0 0 0 0 0 0 0 0 0 0 0 0 0 0 0 0 0 0 0 0 0 0 0 0 0 0 0 0 0 0 0 0 0 0 0 0 0 0 0 0 0 0 0 0 0 0 0 0 0 0 0 0 0 0 0 0 0 0 0 0 0 0 0 0 0 0 0 0 0 0 0 0 0 0 0 0 0 0 0 17 0 0 0 0 0 0 0 0 0 0 0 0 0 0 0 0 0 0 0 0 0 0 0 0 0 0 0 0 0 0 0 22 0 0 0 145 190 0 0 1 0 0 0 0 0 0 0 0 0 0 0 2 0 0 0 0 0 8 0 2 0 0 0 192 0 0 0 255 255 255 255 5 0 2 0 0 0 0 0 data 24 0x20005 0x108 0x1849aba0 0x289 0x19a5bb70 0x41 0x50007 0x17a9 0x90 0x29 0xd0002 0x29 0x110005 0x0 0x1849aba0 0x29 0x0 0x0 0x140007 0x29 0x30 0x0 0x170002 0x0 oops 3 2 java/util/concurrent/locks/ReentrantLock$NonfairSync 4 java/util/concurrent/locks/ReentrantReadWriteLock$FairSync 14 java/util/concurrent/locks/ReentrantLock$NonfairSync
ciMethodData java/util/concurrent/locks/ReentrantLock$NonfairSync tryAcquire (I)Z 2 5191 orig 264 104 147 134 94 0 0 0 0 224 55 158 20 0 0 0 0 128 1 0 0 0 0 0 0 0 0 0 0 0 0 0 0 0 0 0 0 0 0 0 0 0 0 0 0 0 0 0 0 0 0 0 0 0 0 0 0 0 0 0 0 0 0 0 0 0 0 0 0 0 0 0 0 0 0 0 0 0 0 0 0 77 68 79 32 101 120 116 114 97 32 100 97 116 97 32 108 111 99 107 0 0 0 0 0 0 0 0 0 0 0 0 0 0 0 0 0 0 0 0 0 0 0 0 0 0 0 0 0 0 0 0 0 0 0 0 0 0 0 0 0 0 0 0 0 0 0 0 0 0 0 0 0 0 0 0 0 0 0 0 0 0 0 0 0 0 0 0 0 0 0 0 0 0 0 0 0 0 0 0 0 0 0 0 0 0 0 0 0 0 0 0 0 0 0 0 0 0 0 0 0 0 0 0 0 0 0 0 0 0 0 0 0 0 0 0 0 69 0 0 0 17 160 0 0 1 0 0 0 0 0 0 0 0 0 0 0 2 0 0 0 0 0 3 0 2 0 0 0 48 0 0 0 255 255 255 255 5 0 2 0 0 0 0 0 data 6 0x20005 0xf5 0x1849aba0 0x130d 0x0 0x0 oops 1 2 java/util/concurrent/locks/ReentrantLock$NonfairSync
ciMethodData java/util/concurrent/locks/ReentrantLock$Sync nonfairTryAcquire (I)Z 2 5190 orig 264 104 147 134 94 0 0 0 0 232 61 158 20 0 0 0 0 224 2 0 0 80 1 0 0 0 0 0 0 0 0 0 0 0 0 0 0 0 0 0 0 0 0 0 0 0 0 0 0 0 0 0 0 0 0 0 0 0 0 0 0 0 0 0 0 0 0 0 0 0 0 0 0 0 0 0 0 0 0 0 0 77 68 79 32 101 120 116 114 97 32 100 97 116 97 32 108 111 99 107 0 0 0 0 0 0 0 0 0 0 0 0 0 0 0 0 0 0 0 0 0 0 0 0 0 0 0 0 0 0 0 0 0 0 0 0 0 0 0 0 0 0 0 0 0 0 0 0 0 0 0 0 0 0 0 0 0 0 0 0 0 0 0 0 0 0 0 0 0 0 0 0 0 0 0 0 0 0 0 0 0 0 0 0 0 0 0 0 0 0 0 0 0 0 0 0 0 0 0 0 0 0 0 0 0 0 0 0 0 0 0 0 0 0 0 0 0 69 0 0 0 9 160 0 0 1 0 0 0 0 0 0 0 0 0 0 0 2 0 0 0 0 0 12 0 2 0 0 0 144 1 0 0 255 255 255 255 2 0 0 0 0 0 0 0 data 50 0x2 0x1402 0x50005 0x101 0x1849aba0 0x1301 0x0 0x0 0xa0007 0x163 0xa0 0x129e 0x100005 0xda 0x1849aba0 0x11c5 0x0 0x0 0x130007 0xc 0x100 0x1298 0x180005 0xd9 0x1849aba0 0x11bf 0x0 0x0 0x1f0005 0x27 0x1849aba0 0x13c 0x0 0x0 0x220007 0x163 0x80 0x0 0x2c0007 0x0 0x30 0x0 0x350002 0x0 0x3c0005 0x0 0x0 0x0 0x0 0x0 oops 4 4 java/util/concurrent/locks/ReentrantLock$NonfairSync 14 java/util/concurrent/locks/ReentrantLock$NonfairSync 24 java/util/concurrent/locks/ReentrantLock$NonfairSync 30 java/util/concurrent/locks/ReentrantLock$NonfairSync
ciMethod java/util/concurrent/ScheduledThreadPoolExecutor$DelayedWorkQueue setIndex (Ljava/util/concurrent/RunnableScheduledFuture;I)V 2065 1 28572 0 0
ciMethod java/util/concurrent/ScheduledThreadPoolExecutor$DelayedWorkQueue siftUp (ILjava/util/concurrent/RunnableScheduledFuture;)V 2033 2905 5374 0 672
ciMethod java/util/concurrent/ScheduledThreadPoolExecutor$DelayedWorkQueue grow ()V 0 0 1 0 -1
ciMethod java/util/concurrent/ScheduledThreadPoolExecutor$DelayedWorkQueue offer (Ljava/lang/Runnable;)Z 2049 1 5376 0 -1
ciMethod java/util/concurrent/Delayed getDelay (Ljava/util/concurrent/TimeUnit;)J 0 0 1 0 -1
ciMethodData java/util/concurrent/locks/AbstractQueuedSynchronizer compareAndSetWaitStatus (Ljava/util/concurrent/locks/AbstractQueuedSynchronizer$Node;II)Z 2 20427 orig 264 104 147 134 94 0 0 0 0 136 126 158 20 0 0 0 0 136 1 0 0 0 0 0 0 0 0 0 0 0 0 0 0 0 0 0 0 0 0 0 0 0 0 0 0 0 0 0 0 0 0 0 0 0 0 0 0 0 0 0 0 0 0 0 0 0 0 0 0 0 0 0 0 0 0 0 0 0 0 0 0 77 68 79 32 101 120 116 114 97 32 100 97 116 97 32 108 111 99 107 0 0 0 0 0 0 0 0 0 0 0 0 0 0 0 0 0 0 0 0 0 0 0 0 0 0 0 0 0 0 0 0 0 0 0 0 0 0 0 0 0 0 0 0 0 0 0 0 0 0 0 0 0 0 0 0 0 0 0 0 0 0 0 0 0 0 0 0 0 0 0 0 0 0 0 0 0 0 0 0 0 0 0 0 0 17 0 0 0 0 0 0 0 0 0 0 0 0 0 0 0 0 0 0 0 0 0 0 0 0 0 0 0 0 0 0 0 27 0 0 0 129 125 2 0 1 0 0 0 0 0 0 0 0 0 0 0 2 0 0 0 0 0 3 0 1 0 0 0 48 0 0 0 255 255 255 255 5 0 9 0 0 0 0 0 data 6 0x90005 0x101 0x0 0x0 0x0 0x0 oops 0
ciMethod java/util/concurrent/ScheduledThreadPoolExecutor$ScheduledFutureTask getDelay (Ljava/util/concurrent/TimeUnit;)J 1841 1 16753 0 -1
ciMethod java/util/concurrent/ScheduledThreadPoolExecutor$ScheduledFutureTask compareTo (Ljava/util/concurrent/Delayed;)I 2065 1 10501 0 0
ciMethod java/util/concurrent/ScheduledThreadPoolExecutor$ScheduledFutureTask compareTo (Ljava/lang/Object;)I 2065 1 10501 0 160
ciMethodData java/util/concurrent/ScheduledThreadPoolExecutor$DelayedWorkQueue setIndex (Ljava/util/concurrent/RunnableScheduledFuture;I)V 2 28572 orig 264 104 147 134 94 0 0 0 0 232 121 28 28 0 0 0 0 216 1 0 0 0 0 0 0 0 0 0 0 0 0 0 0 0 0 0 0 0 0 0 0 0 0 0 0 0 0 0 0 0 0 0 0 0 0 0 0 0 0 0 0 0 0 0 0 0 0 0 0 0 0 0 0 0 0 0 0 0 0 0 0 77 68 79 32 101 120 116 114 97 32 100 97 116 97 32 108 111 99 107 0 0 0 0 0 0 0 0 0 0 0 0 0 0 0 0 0 0 0 0 0 0 0 0 0 0 0 0 0 0 0 0 0 0 0 0 0 0 0 0 0 0 0 0 0 0 0 0 0 0 0 0 0 0 0 0 0 0 0 0 0 0 0 0 0 0 0 0 0 0 0 0 0 0 0 0 0 0 0 0 0 0 0 0 0 0 0 0 0 0 0 0 0 0 0 0 0 0 0 0 0 0 0 0 0 0 0 0 0 0 0 0 0 0 0 0 0 2 1 0 0 209 116 3 0 1 0 0 0 0 0 0 0 0 0 0 0 2 0 0 0 0 0 6 0 2 0 0 0 128 0 0 0 255 255 255 255 4 0 1 0 0 0 0 0 data 16 0x10004 0x0 0x1a54f260 0x6e9a 0x0 0x0 0x40007 0x0 0x50 0x6e9a 0x80004 0x0 0x1a54f260 0x6e9a 0x0 0x0 oops 2 2 java/util/concurrent/ScheduledThreadPoolExecutor$ScheduledFutureTask 12 java/util/concurrent/ScheduledThreadPoolExecutor$ScheduledFutureTask
ciMethodData java/util/concurrent/ScheduledThreadPoolExecutor$ScheduledFutureTask compareTo (Ljava/lang/Object;)I 2 10501 orig 264 104 147 134 94 0 0 0 0 48 130 56 28 0 0 0 0 176 1 0 0 0 0 0 0 0 0 0 0 0 0 0 0 0 0 0 0 0 0 0 0 0 0 0 0 0 0 0 0 0 0 0 0 0 0 0 0 0 0 0 0 0 0 0 0 0 0 0 0 0 0 0 0 0 0 0 0 0 0 0 0 77 68 79 32 101 120 116 114 97 32 100 97 116 97 32 108 111 99 107 0 0 0 0 0 0 0 0 0 0 0 0 0 0 0 0 0 0 0 0 0 0 0 0 0 0 0 0 0 0 0 0 0 0 0 0 0 0 0 0 0 0 0 0 0 1 0 0 0 0 0 0 0 0 0 0 0 0 0 0 0 0 0 0 0 0 0 0 0 0 0 0 0 0 0 0 0 0 0 0 0 0 0 0 0 0 0 0 0 0 0 0 0 0 0 0 0 0 0 0 0 0 0 0 0 0 0 0 0 0 0 0 0 0 0 0 0 2 1 0 0 25 64 1 0 1 0 0 0 0 20 0 0 0 0 0 0 2 0 0 0 0 0 3 0 2 0 0 0 96 0 0 0 255 255 255 255 4 0 2 0 0 0 0 0 data 12 0x20004 0x0 0x1a54f260 0x2803 0x0 0x0 0x50005 0x0 0x1a54f260 0x2803 0x0 0x0 oops 2 2 java/util/concurrent/ScheduledThreadPoolExecutor$ScheduledFutureTask 8 java/util/concurrent/ScheduledThreadPoolExecutor$ScheduledFutureTask
ciMethodData java/util/concurrent/ScheduledThreadPoolExecutor$ScheduledFutureTask compareTo (Ljava/util/concurrent/Delayed;)I 2 10501 orig 264 104 147 134 94 0 0 0 0 184 126 56 28 0 0 0 0 32 3 0 0 192 0 0 0 0 0 0 0 0 0 0 0 0 0 0 0 0 0 0 0 0 0 0 0 0 0 0 0 0 0 0 0 0 0 0 0 0 0 0 0 0 0 0 0 0 0 0 0 0 0 0 0 0 0 0 0 0 0 0 0 77 68 79 32 101 120 116 114 97 32 100 97 116 97 32 108 111 99 107 0 0 0 0 0 0 0 0 0 0 0 0 0 0 0 0 0 0 0 0 0 0 0 0 0 0 0 0 0 0 0 0 0 0 0 0 0 0 0 0 0 0 0 0 0 0 0 0 0 0 0 0 0 0 0 0 0 0 0 0 0 0 0 0 0 0 0 0 0 0 0 0 0 0 0 0 0 0 0 0 1 0 0 0 0 0 0 0 0 0 0 0 0 0 0 0 0 0 0 0 0 0 0 0 0 0 0 0 0 0 0 0 0 0 0 0 0 2 1 0 0 25 64 1 0 1 0 0 0 0 20 0 0 0 0 0 0 2 0 0 0 0 0 18 0 2 0 0 0 208 1 0 0 255 255 255 255 7 0 2 0 0 0 0 0 data 58 0x20007 0x2803 0x20 0x0 0x80004 0x0 0x1a54f260 0x2803 0x0 0x0 0xb0007 0x0 0xb0 0x2803 0xf0004 0x0 0x1a54f260 0x2803 0x0 0x0 0x200007 0x1836 0x20 0xfcd 0x28e007 0x1 0x20 0x1836 0x360007 0x1 0x20 0x0 0x410005 0x0 0x0 0x0 0x0 0x0 0x480005 0x0 0x0 0x0 0x0 0x0 0x520007 0x0 0x38 0x0 0x560003 0x0 0x50 0x5c0007 0x0 0x38 0x0 0x600003 0x0 0x18 oops 2 6 java/util/concurrent/ScheduledThreadPoolExecutor$ScheduledFutureTask 16 java/util/concurrent/ScheduledThreadPoolExecutor$ScheduledFutureTask
ciMethodData java/util/concurrent/locks/AbstractQueuedSynchronizer compareAndSetTail (Ljava/util/concurrent/locks/AbstractQueuedSynchronizer$Node;Ljava/util/concurrent/locks/AbstractQueuedSynchronizer$Node;)Z 2 6139 orig 264 104 147 134 94 0 0 0 0 232 125 158 20 0 0 0 0 136 1 0 0 0 0 0 0 0 0 0 0 0 0 0 0 0 0 0 0 0 0 0 0 0 0 0 0 0 0 0 0 0 0 0 0 0 0 0 0 0 0 0 0 0 0 0 0 0 0 0 0 0 0 0 0 0 0 0 0 0 0 0 0 77 68 79 32 101 120 116 114 97 32 100 97 116 97 32 108 111 99 107 0 0 0 0 0 0 0 0 0 0 0 0 0 0 0 0 0 0 0 0 0 0 0 0 0 0 0 0 0 0 0 0 0 0 0 0 0 0 0 0 0 0 0 0 0 0 0 0 0 0 0 0 0 0 0 0 0 0 0 0 0 0 0 0 0 0 0 0 0 0 0 0 0 0 0 0 0 0 0 0 0 0 0 0 0 17 0 0 0 0 0 0 0 0 0 0 0 0 0 0 0 0 0 0 0 0 0 0 0 0 0 0 0 0 0 0 0 1 1 0 0 209 183 0 0 1 0 0 0 0 0 0 0 0 0 0 0 2 0 0 0 0 0 3 0 1 0 0 0 48 0 0 0 255 255 255 255 5 0 9 0 0 0 0 0 data 6 0x90005 0x1 0x0 0x0 0x0 0x0 oops 0
ciMethodData java/util/concurrent/locks/AbstractQueuedSynchronizer enq (Ljava/util/concurrent/locks/AbstractQueuedSynchronizer$Node;)Ljava/util/concurrent/locks/AbstractQueuedSynchronizer$Node; 2 5349 orig 264 104 147 134 94 0 0 0 0 192 85 158 20 0 0 0 0 232 1 0 0 168 0 0 0 0 0 0 0 0 0 0 0 0 0 0 0 0 0 0 0 0 0 0 0 0 0 0 0 0 0 0 0 0 0 0 0 0 0 0 0 0 0 0 0 0 0 0 0 0 0 0 0 0 0 0 0 0 0 0 0 77 68 79 32 101 120 116 114 97 32 100 97 116 97 32 108 111 99 107 0 0 0 0 0 0 0 0 0 0 0 0 0 0 0 0 0 0 0 0 0 0 0 0 0 0 0 0 0 0 0 0 0 0 0 0 0 0 0 0 0 0 0 0 0 0 0 0 0 0 0 0 0 0 0 0 0 0 0 0 0 0 0 0 0 0 0 0 0 0 0 0 0 0 0 0 0 0 0 0 0 0 0 0 0 25 0 0 0 0 0 0 0 0 0 0 0 0 0 0 0 0 0 0 0 0 0 0 0 0 0 0 0 0 0 0 0 228 0 0 0 9 160 0 0 1 0 0 0 0 0 0 0 0 0 0 0 2 0 0 0 1 0 10 0 2 0 0 0 192 0 0 0 255 255 255 255 7 0 6 0 0 0 0 0 data 24 0x60007 0x1401 0x78 0x0 0xe0002 0x0 0x110002 0x0 0x140007 0x0 0x68 0x0 0x1f0003 0x0 0x48 0x2a0002 0x1401 0x2d0007 0x0 0x20 0x1401 0x370003 0x0 0xffffffffffffff58 oops 0
ciMethodData java/util/concurrent/locks/ReentrantLock$Sync isHeldExclusively ()Z 2 5377 orig 264 104 147 134 94 0 0 0 0 80 63 158 20 0 0 0 0 192 1 0 0 0 0 0 0 0 0 0 0 0 0 0 0 0 0 0 0 0 0 0 0 0 0 0 0 0 0 0 0 0 0 0 0 0 0 0 0 0 0 0 0 0 0 0 0 0 0 0 0 0 0 0 0 0 0 0 0 0 0 0 0 77 68 79 32 101 120 116 114 97 32 100 97 116 97 32 108 111 99 107 0 0 0 0 0 0 0 0 0 0 0 0 0 0 0 0 0 0 0 0 0 0 0 0 0 0 0 0 0 0 0 0 0 0 0 0 0 0 0 0 0 0 0 0 0 0 0 0 0 0 0 0 0 0 0 0 0 0 0 0 0 0 0 0 0 0 0 0 0 0 0 0 0 0 0 0 0 0 0 0 0 0 0 0 0 0 0 0 0 0 0 0 0 0 0 0 0 0 0 0 0 0 0 0 0 0 0 0 0 0 0 0 0 0 0 0 0 1 1 0 0 1 160 0 0 1 0 0 0 0 0 0 0 0 0 0 0 2 0 0 0 0 0 6 0 2 0 0 0 120 0 0 0 255 255 255 255 5 0 1 0 0 0 0 0 data 15 0x10005 0x2 0x1849aba0 0x13fe 0x0 0x0 0x40002 0x1401 0x70007 0x0 0x38 0x1401 0xb0003 0x1401 0x18 oops 1 2 java/util/concurrent/locks/ReentrantLock$NonfairSync
ciMethodData java/util/concurrent/locks/AbstractQueuedSynchronizer$ConditionObject signal ()V 2 9206 orig 264 104 147 134 94 0 0 0 0 168 171 158 20 0 0 0 0 216 1 0 0 80 0 0 0 0 0 0 0 0 0 0 0 0 0 0 0 0 0 0 0 0 0 0 0 0 0 0 0 0 0 0 0 0 0 0 0 0 0 0 0 0 0 0 0 0 0 0 0 0 0 0 0 0 0 0 0 0 0 0 0 77 68 79 32 101 120 116 114 97 32 100 97 116 97 32 108 111 99 107 0 0 0 0 0 0 0 0 0 0 0 0 0 0 0 0 0 0 0 0 0 0 0 0 0 0 0 0 0 0 0 0 0 0 0 0 0 0 0 0 0 0 0 0 0 0 0 0 0 0 0 0 0 0 0 0 0 0 0 0 0 0 0 0 0 0 0 0 0 0 0 0 0 0 0 0 0 0 0 0 0 0 0 0 0 0 0 0 0 0 0 0 0 0 0 0 0 0 0 0 0 0 0 0 0 0 0 0 0 0 0 0 0 0 0 0 0 0 1 0 0 177 23 1 0 1 0 0 0 0 0 0 0 0 0 0 0 2 0 0 0 0 0 8 0 2 0 0 0 144 0 0 0 255 255 255 255 5 0 4 0 0 0 0 0 data 18 0x40005 0x0 0x1849aba0 0x22f6 0x0 0x0 0x70007 0x22f6 0x30 0x0 0xe0002 0x0 0x180007 0x7b9 0x30 0x1b3d 0x1d0002 0x1b3d oops 1 2 java/util/concurrent/locks/ReentrantLock$NonfairSync
ciMethodData java/util/concurrent/locks/AbstractQueuedSynchronizer$ConditionObject doSignal (Ljava/util/concurrent/locks/AbstractQueuedSynchronizer$Node;)V 2 5299 orig 264 104 147 134 94 0 0 0 0 88 169 158 20 0 0 0 0 224 1 0 0 0 0 0 0 0 0 0 0 0 0 0 0 0 0 0 0 0 0 0 0 0 0 0 0 0 0 0 0 0 0 0 0 0 0 0 0 0 0 0 0 0 0 0 0 0 0 0 0 0 0 0 0 0 0 0 0 0 0 0 0 77 68 79 32 101 120 116 114 97 32 100 97 116 97 32 108 111 99 107 0 0 0 0 0 0 0 0 0 0 0 0 0 0 0 0 0 0 0 0 0 0 0 0 0 0 0 0 0 0 0 0 0 0 0 0 0 0 0 0 0 0 0 0 0 0 0 0 0 0 0 0 0 0 0 0 0 0 0 0 0 0 0 0 0 0 0 0 0 0 0 0 0 0 0 0 0 0 0 0 0 0 0 0 0 0 0 0 0 0 0 0 0 0 0 0 0 0 0 0 0 0 0 0 0 0 0 0 0 0 0 0 0 0 0 0 0 179 0 0 0 1 160 0 0 1 0 0 0 0 0 0 0 0 0 0 0 2 0 0 0 1 0 11 0 2 0 0 0 144 0 0 0 255 255 255 255 7 0 9 0 0 0 0 0 data 18 0x90007 0x10d 0x20 0x12f3 0x1b0005 0x82 0x1849aba0 0x137e 0x0 0x0 0x1e0007 0x1400 0x40 0x0 0x270007 0x0 0xffffffffffffff90 0x0 oops 1 6 java/util/concurrent/locks/ReentrantLock$NonfairSync
ciMethodData java/util/concurrent/locks/AbstractQueuedSynchronizer transferForSignal (Ljava/util/concurrent/locks/AbstractQueuedSynchronizer$Node;)Z 2 5299 orig 264 104 147 134 94 0 0 0 0 120 120 158 20 0 0 0 0 240 1 0 0 112 0 0 0 0 0 0 0 0 0 0 0 0 0 0 0 0 0 0 0 0 0 0 0 0 0 0 0 0 0 0 0 0 0 0 0 0 0 0 0 0 0 0 0 0 0 0 0 0 0 0 0 0 0 0 0 0 0 0 0 77 68 79 32 101 120 116 114 97 32 100 97 116 97 32 108 111 99 107 0 0 0 0 0 0 0 0 0 0 0 0 0 0 0 0 0 0 0 0 0 0 0 0 0 0 0 0 0 0 0 0 0 0 0 0 0 0 0 0 0 0 0 0 0 0 0 0 0 0 0 0 0 0 0 0 0 0 0 0 0 0 0 0 0 0 0 0 0 0 0 0 0 0 0 0 0 0 0 0 0 0 0 0 0 0 0 0 0 0 0 0 0 0 0 0 0 0 0 0 0 0 0 0 0 0 0 0 0 0 0 0 0 0 0 0 0 0 1 0 0 153 157 0 0 1 0 0 0 0 0 0 0 0 0 0 0 2 0 0 0 0 0 14 0 2 0 0 0 160 0 0 0 255 255 255 255 2 0 4 0 0 0 0 0 data 20 0x40002 0x13b3 0x70007 0x13b3 0x20 0x0 0xe0002 0x13b3 0x180007 0x0 0x50 0x13b3 0x1e0002 0x13b3 0x210007 0x13b3 0x30 0x0 0x280002 0x0 oops 0
ciMethodData java/util/concurrent/ScheduledThreadPoolExecutor$DelayedWorkQueue offer (Ljava/lang/Runnable;)Z 2 5376 orig 264 104 147 134 94 0 0 0 0 112 131 28 28 0 0 0 0 96 3 0 0 104 1 0 0 0 0 0 0 0 0 0 0 0 0 0 0 0 0 0 0 0 0 0 0 0 0 0 0 0 0 0 0 0 0 0 0 0 0 0 0 0 0 0 0 0 0 0 0 0 0 0 0 0 0 0 0 0 0 0 0 77 68 79 32 101 120 116 114 97 32 100 97 116 97 32 108 111 99 107 0 0 0 0 0 0 0 0 0 0 0 0 0 0 0 0 0 0 0 0 0 0 0 0 0 0 0 0 0 0 0 0 0 0 0 0 0 0 0 0 0 0 0 0 0 0 0 0 0 0 0 0 0 0 0 0 0 0 0 0 0 0 0 0 0 0 0 0 0 0 0 0 0 0 0 0 0 0 0 0 0 0 0 0 0 0 0 0 0 0 0 0 0 0 0 0 0 0 0 0 0 0 0 0 0 0 0 0 0 0 0 0 0 0 0 0 0 0 1 0 0 1 160 0 0 1 0 0 0 0 0 0 0 0 0 0 0 2 0 0 0 0 0 30 0 2 0 0 0 16 2 0 0 255 255 255 255 7 0 1 0 0 0 0 0 data 66 0x10007 0x1400 0x30 0x0 0x80002 0x0 0xd0004 0x0 0x1a54f260 0x1400 0x0 0x0 0x170005 0x0 0x1a54f310 0x1400 0x0 0x0 0x270007 0x1401 0x30 0x0 0x2b0002 0x0 0x380007 0x1401 0x78 0x0 0x410004 0x0 0x0 0x0 0x0 0x0 0x450002 0x0 0x480003 0x0 0x28 0x4f0002 0x1401 0x590007 0x6fb 0x50 0xd06 0x650005 0x0 0x1a54f3c0 0xd06 0x0 0x0 0x6b0005 0x0 0x1a54f310 0x1401 0x0 0x0 0x6e0003 0x1401 0x48 0x740005 0x0 0x0 0x0 0x0 0x0 oops 4 8 java/util/concurrent/ScheduledThreadPoolExecutor$ScheduledFutureTask 14 java/util/concurrent/locks/ReentrantLock 47 java/util/concurrent/locks/AbstractQueuedSynchronizer$ConditionObject 53 java/util/concurrent/locks/ReentrantLock
ciMethodData java/util/concurrent/ScheduledThreadPoolExecutor$DelayedWorkQueue siftUp (ILjava/util/concurrent/RunnableScheduledFuture;)V 2 7723 orig 264 104 147 134 94 0 0 0 0 200 122 28 28 0 0 0 0 120 2 0 0 200 0 0 0 0 0 0 0 0 0 0 0 0 0 0 0 0 0 0 0 0 0 0 0 0 0 0 0 0 0 0 0 0 0 0 0 0 0 0 0 0 0 0 0 0 0 0 0 0 0 0 0 0 0 0 0 0 0 0 0 77 68 79 32 101 120 116 114 97 32 100 97 116 97 32 108 111 99 107 0 0 0 0 0 0 0 0 0 0 0 0 0 0 0 0 0 0 0 0 0 0 0 0 0 0 0 0 0 0 0 0 0 0 0 0 0 0 0 0 0 0 0 0 0 0 0 0 0 0 0 0 0 0 0 0 0 0 0 0 0 0 0 0 0 0 0 0 0 0 0 0 0 0 0 0 0 0 0 0 0 0 0 0 0 0 0 0 0 0 0 0 0 0 0 0 0 0 0 0 0 0 0 0 0 0 0 0 0 0 0 0 0 0 0 0 0 107 1 0 0 1 160 0 0 1 230 0 0 0 0 0 0 0 0 0 0 2 0 0 0 1 0 16 0 2 0 0 0 32 1 0 0 255 255 255 255 7 0 1 0 0 0 0 0 data 36 0x10007 0xd06 0xe0 0x23ba 0x150005 0x0 0x1a54f260 0x23ba 0x0 0x0 0x1a0007 0x1cc0 0x38 0x6fa 0x1d0003 0x6fa 0x70 0x270004 0x0 0x1a54f260 0x1cc0 0x0 0x0 0x2c0002 0x1cc0 0x310003 0x1cc0 0xffffffffffffff38 0x3a0004 0x0 0x1a54f260 0x1400 0x0 0x0 0x3e0002 0x1400 oops 3 6 java/util/concurrent/ScheduledThreadPoolExecutor$ScheduledFutureTask 19 java/util/concurrent/ScheduledThreadPoolExecutor$ScheduledFutureTask 30 java/util/concurrent/ScheduledThreadPoolExecutor$ScheduledFutureTask
instanceKlass org/apache/tomcat/util/http/fileupload/FileUtils
instanceKlass org/springframework/web/util/HtmlCharacterEntityReferences$$Lambda$474
instanceKlass org/springframework/web/util/HtmlCharacterEntityReferences
instanceKlass org/springframework/web/util/HtmlUtils
instanceKlass org/springframework/web/servlet/support/RequestContext
instanceKlass org/springframework/web/servlet/view/AbstractView$$Lambda$473
instanceKlass org/springframework/util/PatternMatchUtils
instanceKlass java/lang/Throwable$PrintStreamOrWriter
instanceKlass com/bs/controller/AlbumController
instanceKlass ch/qos/logback/classic/spi/ClassPackagingData
instanceKlass ch/qos/logback/classic/spi/STEUtil
instanceKlass ch/qos/logback/classic/spi/PackagingDataCalculator
instanceKlass ch/qos/logback/classic/spi/StackTraceElementProxy
instanceKlass ch/qos/logback/classic/spi/ThrowableProxyUtil
instanceKlass ch/qos/logback/classic/spi/ThrowableProxy
instanceKlass org/springframework/web/bind/annotation/ExceptionHandler
instanceKlass org/springframework/web/method/annotation/ExceptionHandlerMethodResolver$$Lambda$472
instanceKlass org/springframework/web/method/annotation/ExceptionHandlerMethodResolver
instanceKlass org/springframework/util/LinkedCaseInsensitiveMap$$Lambda$471
instanceKlass org/springframework/http/ContentDisposition$Builder
instanceKlass org/springframework/http/ContentDisposition
instanceKlass org/apache/catalina/core/ApplicationPart
instanceKlass org/apache/tomcat/util/http/fileupload/disk/DiskFileItem
instanceKlass org/apache/tomcat/util/http/fileupload/FileUploadBase$FileItemIteratorImpl$FileItemStreamImpl
instanceKlass org/apache/tomcat/util/http/fileupload/util/FileItemHeadersImpl
instanceKlass org/apache/tomcat/util/http/fileupload/IOUtils
instanceKlass org/apache/tomcat/util/http/fileupload/util/Streams
instanceKlass org/apache/tomcat/util/http/fileupload/MultipartStream
instanceKlass org/apache/tomcat/util/http/fileupload/MultipartStream$ProgressNotifier
instanceKlass org/apache/tomcat/util/http/fileupload/util/mime/MimeUtility
instanceKlass org/apache/tomcat/util/http/fileupload/ParameterParser
instanceKlass org/apache/tomcat/util/http/fileupload/FileItemStream
instanceKlass org/apache/tomcat/util/http/fileupload/util/Closeable
instanceKlass org/apache/tomcat/util/http/fileupload/FileUploadBase$FileItemIteratorImpl
instanceKlass org/apache/tomcat/util/http/fileupload/servlet/ServletRequestContext
instanceKlass org/apache/tomcat/util/http/fileupload/UploadContext
instanceKlass org/apache/tomcat/util/http/fileupload/FileItemHeaders
instanceKlass org/apache/tomcat/util/http/fileupload/FileItemIterator
instanceKlass org/apache/tomcat/util/http/fileupload/FileUploadBase
instanceKlass org/apache/tomcat/util/http/fileupload/FileItem
instanceKlass org/apache/tomcat/util/http/fileupload/FileItemHeadersSupport
instanceKlass org/apache/tomcat/util/http/fileupload/disk/DiskFileItemFactory
instanceKlass oracle/jdbc/driver/OracleStatement$1
instanceKlass oracle/jdbc/driver/BufferCache$InternalStatistics
instanceKlass oracle/jdbc/internal/OracleConnection$BufferCacheStatistics
instanceKlass oracle/jdbc/driver/BufferCache
instanceKlass oracle/jdbc/driver/PhysicalConnection$BufferCacheStore
instanceKlass org/apache/ibatis/mapping/ParameterMapping
instanceKlass org/apache/ibatis/mapping/ParameterMapping$Builder
instanceKlass java/util/UUID$Holder
instanceKlass org/springframework/validation/support/BindingAwareModelMap$$Lambda$470
instanceKlass org/springframework/beans/PropertyMatches
instanceKlass org/springframework/beans/PropertyAccessorFactory
instanceKlass org/springframework/validation/DefaultMessageCodesResolver
instanceKlass org/springframework/web/servlet/mvc/method/annotation/ExtendedServletRequestDataBinder$$Lambda$469
instanceKlass org/springframework/beans/MutablePropertyValues$$Lambda$468
instanceKlass java/util/zip/Deflater
instanceKlass com/sun/imageio/plugins/png/CRC
instanceKlass javax/imageio/metadata/IIOMetadata
instanceKlass javax/imageio/IIOImage
instanceKlass com/sun/imageio/plugins/png/RowFilter
instanceKlass javax/imageio/ImageIO$ImageWriterIterator
instanceKlass javax/imageio/spi/FilterIterator
instanceKlass javax/imageio/ImageIO$CanEncodeImageAndFormatFilter
instanceKlass javax/imageio/spi/ServiceRegistry$Filter
instanceKlass sun/java2d/cmm/CMSManager
instanceKlass com/sun/imageio/stream/StreamCloser$2
instanceKlass com/sun/imageio/stream/StreamCloser$1
instanceKlass com/sun/imageio/stream/StreamCloser$CloseAction
instanceKlass com/sun/imageio/stream/StreamCloser
instanceKlass sun/nio/fs/WindowsChannelFactory$2
instanceKlass sun/nio/fs/WindowsPath$1
instanceKlass java/nio/file/Paths
instanceKlass java/nio/file/TempFileHelper
instanceKlass javax/imageio/stream/ImageInputStreamImpl
instanceKlass javax/imageio/ImageIO$CacheInfo
instanceKlass javax/imageio/spi/PartialOrderIterator
instanceKlass javax/imageio/ImageTypeSpecifier
instanceKlass javax/imageio/ImageWriter
instanceKlass javax/imageio/ImageTranscoder
instanceKlass javax/imageio/metadata/IIOMetadataFormat
instanceKlass javax/imageio/ImageReader
instanceKlass javax/imageio/spi/IIORegistry$1
instanceKlass com/sun/imageio/plugins/jpeg/JPEG
instanceKlass javax/imageio/stream/ImageOutputStream
instanceKlass javax/imageio/spi/DigraphNode
instanceKlass javax/imageio/stream/ImageInputStream
instanceKlass javax/imageio/spi/SubRegistry
instanceKlass sun/awt/PostEventQueue
instanceKlass sun/awt/MostRecentKeyValue
instanceKlass java/awt/Queue
instanceKlass java/awt/EventQueue$2
instanceKlass sun/awt/AWTAccessor$EventQueueAccessor
instanceKlass java/awt/EventQueue$1
instanceKlass java/awt/EventQueue
instanceKlass sun/awt/AppContext$1
instanceKlass sun/awt/AppContext$2
instanceKlass sun/awt/AppContext$3
instanceKlass sun/awt/AppContext$6
instanceKlass sun/misc/JavaAWTAccess
instanceKlass sun/awt/AppContext$GetAppContextLock
instanceKlass sun/awt/AppContext
instanceKlass javax/imageio/spi/IIOServiceProvider
instanceKlass javax/imageio/spi/RegisterableService
instanceKlass javax/imageio/spi/ServiceRegistry
instanceKlass javax/imageio/ImageIO
instanceKlass sun/font/StrikeCache$DisposableStrike
instanceKlass sun/font/FontStrikeDisposer
instanceKlass sun/java2d/Disposer$PollDisposable
instanceKlass sun/font/CMap
instanceKlass sun/font/T2KFontScaler$1
instanceKlass sun/font/FontScaler
instanceKlass sun/font/FontStrikeDesc
instanceKlass sun/font/SunFontManager$4
instanceKlass java/io/RandomAccessFile$1
instanceKlass sun/font/TrueTypeFont$DirectoryEntry
instanceKlass sun/font/SunFontManager$FamilyDescription
instanceKlass sun/awt/Win32FontManager$2
instanceKlass sun/font/SunFontManager$3
instanceKlass sun/font/FontFamily
instanceKlass sun/font/CompositeFontDescriptor
instanceKlass sun/awt/FontDescriptor
instanceKlass sun/awt/FontConfiguration
instanceKlass sun/font/SunFontManager$FontRegistrationInfo
instanceKlass sun/font/SunFontManager$2
instanceKlass java/io/RandomAccessFile
instanceKlass sun/font/TrueTypeFont$1
instanceKlass sun/font/TrueTypeFont$TTDisposerRecord
instanceKlass sun/font/Font2DHandle
instanceKlass sun/awt/Win32FontManager$1
instanceKlass sun/font/GlyphList
instanceKlass sun/font/StrikeCache$1
instanceKlass sun/font/StrikeCache
instanceKlass sun/font/FontStrike
instanceKlass sun/font/CharToGlyphMapper
instanceKlass sun/font/StrikeMetrics
instanceKlass java/awt/RenderingHints
instanceKlass java/awt/font/FontRenderContext
instanceKlass sun/font/Font2D
instanceKlass sun/font/FontManagerNativeLibrary$1
instanceKlass sun/font/FontManagerNativeLibrary
instanceKlass sun/font/SunFontManager$1
instanceKlass sun/font/SunFontManager$T1Filter
instanceKlass sun/font/SunFontManager$TTFilter
instanceKlass java/io/FilenameFilter
instanceKlass sun/font/SunFontManager
instanceKlass sun/font/FontManagerForSGE
instanceKlass sun/font/FontManager
instanceKlass sun/java2d/FontSupport
instanceKlass sun/font/FontManagerFactory$1
instanceKlass sun/font/FontManagerFactory
instanceKlass sun/font/FontUtilities$1
instanceKlass sun/font/FontUtilities
instanceKlass sun/java2d/loops/FontInfo
instanceKlass sun/java2d/loops/GraphicsPrimitiveMgr$PrimitiveSpec
instanceKlass sun/java2d/loops/GraphicsPrimitiveMgr$2
instanceKlass sun/java2d/loops/GraphicsPrimitiveMgr$1
instanceKlass sun/java2d/loops/GeneralRenderer
instanceKlass sun/java2d/loops/CustomComponent
instanceKlass sun/awt/SunHints$Value
instanceKlass java/awt/RenderingHints$Key
instanceKlass sun/java2d/pipe/ValidatePipe
instanceKlass sun/misc/PerformanceLogger$TimeData
instanceKlass sun/misc/PerformanceLogger
instanceKlass java/awt/BasicStroke
instanceKlass java/awt/Stroke
instanceKlass sun/awt/SunHints
instanceKlass java/awt/geom/Path2D
instanceKlass java/awt/AlphaComposite
instanceKlass sun/java2d/loops/XORComposite
instanceKlass java/awt/Composite
instanceKlass java/awt/Color
instanceKlass java/awt/Paint
instanceKlass java/awt/Graphics
instanceKlass sun/awt/ConstrainableGraphics
instanceKlass sun/java2d/loops/GraphicsPrimitiveMgr
instanceKlass sun/java2d/loops/GraphicsPrimitive
instanceKlass sun/java2d/loops/CompositeType
instanceKlass sun/java2d/DefaultDisposerRecord
instanceKlass sun/java2d/DisposerRecord
instanceKlass sun/misc/ThreadGroupUtils
instanceKlass sun/java2d/Disposer$$Lambda$467
instanceKlass sun/java2d/Disposer$1
instanceKlass sun/java2d/Disposer
instanceKlass sun/java2d/loops/RenderLoops
instanceKlass sun/awt/image/BufImgSurfaceData$ICMColorData
instanceKlass sun/font/AttributeValues
instanceKlass java/awt/geom/AffineTransform
instanceKlass sun/font/FontAccess
instanceKlass java/awt/Font
instanceKlass sun/java2d/SunGraphicsEnvironment$1
instanceKlass sun/awt/SunDisplayChanger
instanceKlass sun/java2d/SurfaceManagerFactory
instanceKlass sun/java2d/windows/WindowsFlags$1
instanceKlass sun/java2d/windows/WindowsFlags
instanceKlass sun/awt/windows/WToolkit$2
instanceKlass java/awt/Component$DummyRequestFocusController
instanceKlass sun/awt/RequestFocusController
instanceKlass java/awt/Component$1
instanceKlass sun/awt/AWTAccessor$ComponentAccessor
instanceKlass java/awt/Component$AWTTreeLock
instanceKlass java/awt/Component
instanceKlass java/awt/MenuContainer
instanceKlass java/awt/image/ImageObserver
instanceKlass sun/java2d/DestSurfaceProvider
instanceKlass sun/java2d/loops/RenderCache$Entry
instanceKlass sun/java2d/loops/RenderCache
instanceKlass sun/java2d/pipe/DrawImage
instanceKlass sun/java2d/pipe/GeneralCompositePipe
instanceKlass sun/java2d/pipe/SpanShapeRenderer
instanceKlass sun/java2d/pipe/AlphaPaintPipe
instanceKlass sun/java2d/pipe/AAShapePipe
instanceKlass sun/java2d/pipe/RegionIterator
instanceKlass sun/java2d/pipe/Region
instanceKlass sun/java2d/pipe/SpanClipRenderer
instanceKlass sun/java2d/pipe/PixelToShapeConverter
instanceKlass sun/java2d/pipe/AlphaColorPipe
instanceKlass sun/java2d/pipe/CompositePipe
instanceKlass sun/java2d/pipe/GlyphListPipe
instanceKlass sun/java2d/pipe/OutlineTextRenderer
instanceKlass sun/java2d/pipe/RenderingEngine$1
instanceKlass sun/java2d/pipe/RenderingEngine
instanceKlass sun/java2d/pipe/LoopPipe
instanceKlass sun/java2d/pipe/LoopBasedPipe
instanceKlass sun/java2d/pipe/ParallelogramPipe
instanceKlass sun/java2d/pipe/NullPipe
instanceKlass sun/java2d/pipe/DrawImagePipe
instanceKlass sun/java2d/pipe/TextPipe
instanceKlass sun/java2d/pipe/ShapeDrawPipe
instanceKlass sun/java2d/pipe/PixelFillPipe
instanceKlass sun/java2d/pipe/PixelDrawPipe
instanceKlass sun/awt/image/PixelConverter
instanceKlass sun/java2d/loops/SurfaceType
instanceKlass sun/java2d/SurfaceData
instanceKlass sun/java2d/Surface
instanceKlass sun/java2d/DisposerTarget
instanceKlass sun/awt/windows/WToolkit$1
instanceKlass java/util/logging/Logger$1
instanceKlass sun/awt/KeyboardFocusManagerPeerProvider
instanceKlass sun/awt/InputMethodSupport
instanceKlass sun/awt/ComponentFactory
instanceKlass sun/awt/WindowClosingListener
instanceKlass sun/awt/WindowClosingSupport
instanceKlass sun/awt/DisplayChangedListener
instanceKlass java/awt/GraphicsEnvironment$$Lambda$466
instanceKlass java/awt/GraphicsEnvironment
instanceKlass java/awt/Toolkit$1
instanceKlass java/awt/Toolkit$3
instanceKlass java/awt/Toolkit$5
instanceKlass sun/awt/AWTAccessor
instanceKlass java/awt/Toolkit$4
instanceKlass sun/awt/AWTAccessor$ToolkitAccessor
instanceKlass java/awt/Toolkit
instanceKlass java/awt/geom/RectangularShape
instanceKlass java/awt/Shape
instanceKlass sun/awt/image/NativeLibLoader$1
instanceKlass sun/awt/image/NativeLibLoader
instanceKlass java/awt/image/SampleModel
instanceKlass java/awt/geom/Point2D
instanceKlass sun/java2d/StateTrackableDelegate$2
instanceKlass sun/java2d/StateTrackableDelegate
instanceKlass sun/java2d/StateTrackable
instanceKlass java/awt/image/DataBuffer$1
instanceKlass sun/awt/image/SunWritableRaster$DataStealer
instanceKlass java/awt/image/DataBuffer
instanceKlass java/awt/image/Raster
instanceKlass java/awt/color/ICC_Profile$1
instanceKlass sun/java2d/cmm/ProfileActivator
instanceKlass sun/java2d/cmm/ProfileDeferralMgr
instanceKlass java/awt/color/ICC_Profile
instanceKlass java/awt/color/ColorSpace
instanceKlass java/awt/image/ColorModel$1
instanceKlass java/awt/image/ColorModel
instanceKlass sun/awt/image/SurfaceManager
instanceKlass sun/awt/image/SurfaceManager$ImageAccessor
instanceKlass java/awt/ImageCapabilities
instanceKlass java/awt/Image
instanceKlass java/awt/Transparency
instanceKlass java/awt/image/WritableRenderedImage
instanceKlass com/bs/util/SecurityImage
instanceKlass javax/servlet/http/HttpSessionBindingListener
instanceKlass java/lang/Math$RandomNumberGeneratorHolder
instanceKlass com/bs/util/SecurityCode
instanceKlass org/springframework/http/MediaTypeFactory$$Lambda$465
instanceKlass org/springframework/http/MediaTypeFactory$$Lambda$464
instanceKlass org/springframework/http/MediaTypeFactory$$Lambda$463
instanceKlass org/springframework/http/MediaTypeFactory$$Lambda$462
instanceKlass org/springframework/http/MediaTypeFactory
instanceKlass com/fasterxml/jackson/core/io/JsonStringEncoder
instanceKlass com/fasterxml/jackson/databind/ser/impl/FilteredBeanPropertyWriter
instanceKlass com/fasterxml/jackson/databind/annotation/JsonAppend
instanceKlass com/fasterxml/jackson/databind/introspect/POJOPropertyBuilder$1
instanceKlass com/fasterxml/jackson/databind/ser/PropertyBuilder$1
instanceKlass com/fasterxml/jackson/databind/PropertyMetadata
instanceKlass com/fasterxml/jackson/databind/introspect/POJOPropertyBuilder$7
instanceKlass com/fasterxml/jackson/databind/introspect/POJOPropertyBuilder$6
instanceKlass com/fasterxml/jackson/annotation/JsonPropertyDescription
instanceKlass com/fasterxml/jackson/databind/introspect/POJOPropertyBuilder$5
instanceKlass com/fasterxml/jackson/databind/introspect/POJOPropertyBuilder$4
instanceKlass com/fasterxml/jackson/databind/BeanProperty$Std
instanceKlass com/fasterxml/jackson/databind/introspect/POJOPropertyBuilder$2
instanceKlass com/fasterxml/jackson/annotation/JsonTypeId
instanceKlass com/fasterxml/jackson/databind/introspect/POJOPropertyBuilder$3
instanceKlass com/fasterxml/jackson/databind/ser/PropertyBuilder
instanceKlass com/fasterxml/jackson/annotation/JsonIgnoreType
instanceKlass com/fasterxml/jackson/databind/ser/BeanSerializerBuilder
instanceKlass com/fasterxml/jackson/databind/ext/OptionalHandlerFactory
instanceKlass com/fasterxml/jackson/annotation/JsonCreator
instanceKlass com/fasterxml/jackson/databind/introspect/AnnotationCollector$OneAnnotation
instanceKlass org/springframework/web/context/request/async/WebAsyncTask
instanceKlass java/util/concurrent/CompletionStage
instanceKlass org/springframework/web/context/request/async/DeferredResult
instanceKlass org/springframework/jdbc/datasource/SmartDataSource
instanceKlass java/util/concurrent/ConcurrentLinkedQueue$Itr
instanceKlass org/apache/ibatis/executor/loader/ResultLoaderMap
instanceKlass org/apache/ibatis/executor/result/DefaultResultContext
instanceKlass org/apache/ibatis/executor/result/DefaultResultHandler
instanceKlass oracle/jdbc/driver/OracleResultSetMetaData
instanceKlass oracle/jdbc/internal/OracleResultSetMetaData
instanceKlass oracle/jdbc/OracleResultSetMetaData
instanceKlass org/apache/ibatis/executor/resultset/ResultSetWrapper
instanceKlass oracle/jdbc/driver/T4C8Oall$1
instanceKlass oracle/jdbc/internal/KeywordValue
instanceKlass oracle/jdbc/driver/T4CMarshaller
instanceKlass oracle/jdbc/internal/OracleStruct
instanceKlass oracle/jdbc/OracleStruct
instanceKlass oracle/jdbc/internal/OracleRef
instanceKlass oracle/jdbc/OracleRef
instanceKlass oracle/jdbc/internal/OracleOpaque
instanceKlass oracle/jdbc/OracleOpaque
instanceKlass oracle/jdbc/internal/OracleArray
instanceKlass oracle/jdbc/OracleArray
instanceKlass java/sql/Ref
instanceKlass oracle/jdbc/driver/Redirector
instanceKlass oracle/jdbc/driver/Representation
instanceKlass oracle/jdbc/internal/OracleRowId
instanceKlass oracle/jdbc/driver/T4CTTIoac
instanceKlass oracle/jdbc/driver/OracleSql$1
instanceKlass org/apache/ibatis/executor/statement/StatementUtil
instanceKlass oracle/jdbc/driver/OracleClosedStatement
instanceKlass oracle/jdbc/driver/OracleStatementWrapper
instanceKlass java/io/ObjectStreamClass$ExceptionInfo
instanceKlass java/io/ObjectStreamClass$ClassDataSlot
instanceKlass java/io/ObjectStreamClass$FieldReflector
instanceKlass java/io/ObjectStreamClass$3
instanceKlass java/io/ObjectStreamClass$EntryFuture
instanceKlass java/io/ObjectStreamClass$Caches
instanceKlass java/io/ObjectStreamClass$1
instanceKlass java/io/ObjectStreamClass
instanceKlass java/io/Bits
instanceKlass sun/misc/ObjectInputFilter$Config$$Lambda$461
instanceKlass sun/misc/ObjectInputFilter
instanceKlass sun/misc/ObjectInputFilter$Config
instanceKlass java/io/ObjectInputStream$ValidationList
instanceKlass java/io/ObjectInputStream$HandleTable$HandleList
instanceKlass java/io/ObjectInputStream$HandleTable
instanceKlass java/io/ObjectInputStream$$Lambda$460
instanceKlass sun/misc/JavaObjectInputStreamAccess
instanceKlass java/lang/invoke/LambdaForm$DMH
instanceKlass sun/misc/ObjectStreamClassValidator
instanceKlass java/io/ObjectInputStream$1
instanceKlass sun/misc/JavaOISAccess
instanceKlass oracle/sql/ConverterArchive
instanceKlass oracle/sql/converter/CharacterConverterJDBC
instanceKlass oracle/sql/converter/JdbcCharacterConverters
instanceKlass oracle/jdbc/driver/DynamicByteArray$1
instanceKlass oracle/jdbc/driver/OracleSqlReadOnly
instanceKlass oracle/jdbc/driver/OracleSql
instanceKlass oracle/jdbc/driver/CancelLock
instanceKlass oracle/jdbc/driver/OraclePreparedStatementReadOnly
instanceKlass oracle/jdbc/driver/T4CAccessor
instanceKlass oracle/jdbc/driver/Binder
instanceKlass java/sql/RowId
instanceKlass oracle/jdbc/driver/GeneratedAccessor
instanceKlass oracle/jdbc/driver/GeneratedResultSet
instanceKlass oracle/jdbc/internal/OracleResultSet
instanceKlass oracle/jdbc/OracleResultSet
instanceKlass org/apache/ibatis/executor/keygen/Jdbc3KeyGenerator
instanceKlass org/apache/ibatis/executor/resultset/PrimitiveTypes
instanceKlass org/apache/ibatis/executor/resultset/DefaultResultSetHandler
instanceKlass org/apache/ibatis/executor/resultset/ResultSetHandler
instanceKlass org/apache/ibatis/scripting/defaults/DefaultParameterHandler
instanceKlass org/apache/ibatis/executor/statement/BaseStatementHandler
instanceKlass org/apache/ibatis/executor/statement/RoutingStatementHandler$1
instanceKlass org/apache/ibatis/executor/statement/RoutingStatementHandler
instanceKlass org/apache/ibatis/executor/statement/StatementHandler
instanceKlass org/apache/ibatis/reflection/ArrayUtil
instanceKlass org/apache/ibatis/cache/CacheKey
instanceKlass org/apache/ibatis/builder/StaticSqlSource
instanceKlass org/apache/ibatis/ognl/OgnlOps
instanceKlass org/apache/ibatis/ognl/SimpleNode
instanceKlass org/apache/ibatis/ognl/NodeType
instanceKlass org/apache/ibatis/ognl/Token
instanceKlass org/apache/ibatis/ognl/OgnlParserTokenManager
instanceKlass org/apache/ibatis/ognl/JavaCharStream
instanceKlass org/apache/ibatis/ognl/JJTOgnlParserState
instanceKlass org/apache/ibatis/ognl/OgnlParser$JJCalls
instanceKlass org/apache/ibatis/ognl/Node
instanceKlass org/apache/ibatis/ognl/JavaSource
instanceKlass org/apache/ibatis/ognl/OgnlParser
instanceKlass org/apache/ibatis/ognl/OgnlParserConstants
instanceKlass org/apache/ibatis/ognl/OgnlParserTreeConstants
instanceKlass org/apache/ibatis/ognl/DefaultMemberAccess
instanceKlass org/apache/ibatis/ognl/DefaultTypeConverter
instanceKlass org/apache/ibatis/ognl/DefaultClassResolver
instanceKlass org/apache/ibatis/ognl/MemberAccess
instanceKlass org/apache/ibatis/ognl/TypeConverter
instanceKlass org/apache/ibatis/ognl/OgnlContext
instanceKlass org/apache/ibatis/ognl/Ognl
instanceKlass org/apache/ibatis/scripting/xmltags/OgnlClassResolver
instanceKlass org/apache/ibatis/ognl/ClassResolver
instanceKlass org/apache/ibatis/scripting/xmltags/OgnlCache
instanceKlass org/apache/ibatis/ognl/OgnlRuntime$ArgsCompatbilityReport
instanceKlass org/apache/ibatis/ognl/ObjectMethodAccessor
instanceKlass org/apache/ibatis/ognl/ObjectNullHandler
instanceKlass org/apache/ibatis/ognl/NumberElementsAccessor
instanceKlass org/apache/ibatis/ognl/NumericTypes
instanceKlass org/apache/ibatis/ognl/EnumerationElementsAccessor
instanceKlass org/apache/ibatis/ognl/IteratorElementsAccessor
instanceKlass org/apache/ibatis/ognl/MapElementsAccessor
instanceKlass org/apache/ibatis/ognl/CollectionElementsAccessor
instanceKlass org/apache/ibatis/ognl/ObjectElementsAccessor
instanceKlass org/apache/ibatis/ognl/ArrayElementsAccessor
instanceKlass org/apache/ibatis/ognl/MapPropertyAccessor
instanceKlass org/apache/ibatis/ognl/ObjectPropertyAccessor
instanceKlass java/math/MathContext
instanceKlass org/apache/ibatis/javassist/ClassPath
instanceKlass org/apache/ibatis/ognl/enhance/LocalReference
instanceKlass org/apache/ibatis/ognl/enhance/ExpressionCompiler
instanceKlass org/apache/ibatis/javassist/ClassPool$1
instanceKlass org/apache/ibatis/javassist/bytecode/ClassFile
instanceKlass org/apache/ibatis/javassist/CtClass
instanceKlass org/apache/ibatis/javassist/ClassPool
instanceKlass org/apache/ibatis/ognl/OgnlRuntime$ClassPropertyMethodCache
instanceKlass org/apache/ibatis/ognl/ObjectArrayPool
instanceKlass org/apache/ibatis/ognl/EvaluationPool
instanceKlass org/apache/ibatis/ognl/internal/Entry
instanceKlass org/apache/ibatis/ognl/internal/ClassCacheImpl
instanceKlass org/apache/ibatis/ognl/MethodAccessor
instanceKlass org/apache/ibatis/ognl/NullHandler
instanceKlass org/apache/ibatis/ognl/ElementsAccessor
instanceKlass org/apache/ibatis/ognl/enhance/OgnlExpressionCompiler
instanceKlass org/apache/ibatis/ognl/internal/ClassCache
instanceKlass org/apache/ibatis/ognl/OgnlRuntime
instanceKlass org/apache/ibatis/scripting/xmltags/DynamicContext$ContextAccessor
instanceKlass org/apache/ibatis/ognl/PropertyAccessor
instanceKlass org/springframework/transaction/support/TransactionSynchronizationAdapter
instanceKlass org/apache/ibatis/session/ResultContext
instanceKlass org/apache/ibatis/session/defaults/DefaultSqlSession
instanceKlass org/apache/ibatis/cache/TransactionalCacheManager
instanceKlass org/apache/ibatis/executor/CachingExecutor
instanceKlass org/apache/ibatis/executor/BaseExecutor
instanceKlass org/mybatis/spring/transaction/SpringManagedTransaction
instanceKlass org/mybatis/spring/SqlSessionUtils
instanceKlass org/apache/ibatis/binding/MapperMethod$1
instanceKlass org/apache/ibatis/binding/MapperMethod$MethodSignature
instanceKlass org/apache/ibatis/binding/MapperMethod$SqlCommand
instanceKlass org/apache/ibatis/binding/MapperMethod
instanceKlass org/springframework/transaction/support/TransactionSynchronization
instanceKlass org/springframework/jdbc/datasource/DataSourceUtils
instanceKlass org/springframework/jdbc/datasource/SimpleConnectionHandle
instanceKlass org/springframework/jdbc/datasource/ConnectionHandle
instanceKlass org/springframework/transaction/support/ResourceHolderSupport
instanceKlass org/springframework/transaction/support/ResourceHolder
instanceKlass org/apache/commons/pool/impl/GenericKeyedObjectPool$ObjectTimestampPair
instanceKlass org/apache/commons/dbcp/PoolingDataSource
instanceKlass org/apache/commons/dbcp/AbandonedTrace
instanceKlass oracle/jdbc/driver/NTFEventListener
instanceKlass oracle/sql/CharacterSet$CharacterConverterBehavior
instanceKlass oracle/security/o5logon/a
instanceKlass oracle/security/o3logon/a
instanceKlass oracle/security/o3logon/b
instanceKlass oracle/security/o3logon/O3LoginProtocolHelper
instanceKlass oracle/jdbc/driver/ByteArray
instanceKlass oracle/jdbc/driver/T4CKvaldfList
instanceKlass sun/util/locale/LocaleExtensions
